<?xml version="1.0" encoding="UTF-8"?>
<!-- Generated by org.testng.reporters.JUnitReportReporter -->
<testsuite hostname="TYSS-Nayana-H" failures="0" tests="2" name="testNG.DemoWebshop" time="48.396" errors="0" timestamp="2023-11-18T13:27:50 IST" skipped="0">
  <testcase classname="testNG.DemoWebshop" name="DemoWebshop" time="20.339"/>
  <system-out/>
  <testcase classname="testNG.DemoWebshop" name="DemoWebshop" time="28.057"/>
  <system-out/>
</testsuite> <!-- testNG.DemoWebshop -->
