<?xml version="1.0" encoding="UTF-8"?>
<!-- Generated by org.testng.reporters.JUnitReportReporter -->
<testsuite hostname="TYSS-Nayana-H" failures="0" tests="4" name="testNG.TC001" time="0.023" errors="0" timestamp="2023-11-17T18:24:31 IST" skipped="0">
  <testcase classname="testNG.TC001" name="login" time="0.003"/>
  <system-out>
    <![CDATA[login successfully]]>
  </system-out>
  <testcase classname="testNG.TC001" name="login" time="0.003"/>
  <system-out>
    <![CDATA[login successfully]]>
  </system-out>
  <testcase classname="testNG.TC001" name="login" time="0.002"/>
  <system-out>
    <![CDATA[login successfully]]>
  </system-out>
  <testcase classname="testNG.TC001" name="register" time="0.015"/>
  <system-out>
    <![CDATA[registered successfully]]>
  </system-out>
</testsuite> <!-- testNG.TC001 -->
