<?xml version="1.0" encoding="UTF-8"?>
<!-- Generated by org.testng.reporters.JUnitReportReporter -->
<testsuite hostname="TYSS-Nayana-H" failures="0" tests="2" name="testNG.Flipkart" time="194.375" errors="0" timestamp="2023-11-18T13:27:50 IST" skipped="0">
  <testcase classname="testNG.Flipkart" name="flipkart" time="110.952"/>
  <system-out/>
  <testcase classname="testNG.Flipkart" name="flipkart" time="83.423"/>
  <system-out/>
</testsuite> <!-- testNG.Flipkart -->
