<?xml version="1.0" encoding="UTF-8"?>
<!-- Generated by org.testng.reporters.JUnitReportReporter -->
<testsuite hostname="TYSS-Nayana-H" failures="0" tests="2" name="testNG.Amazon" time="22.902" errors="0" timestamp="2023-11-18T13:27:50 IST" skipped="0">
  <testcase classname="testNG.Amazon" name="amazon" time="16.459"/>
  <system-out/>
  <testcase classname="testNG.Amazon" name="amazon" time="6.443"/>
  <system-out/>
</testsuite> <!-- testNG.Amazon -->
