<?xml version="1.0" encoding="UTF-8"?>
<!-- Generated by org.testng.reporters.JUnitReportReporter -->
<testsuite hostname="TYSS-Nayana-H" failures="0" tests="3" name="dataProvider.loginFeature" time="30.178" errors="0" timestamp="2023-11-18T11:52:51 IST" skipped="0">
  <testcase classname="dataProvider.loginFeature" name="login" time="16.152"/>
  <system-out/>
  <testcase classname="dataProvider.loginFeature" name="login" time="6.492"/>
  <system-out/>
  <testcase classname="dataProvider.loginFeature" name="login" time="7.534"/>
  <system-out/>
</testsuite> <!-- dataProvider.loginFeature -->
